빌드 시작: 2017-06-23 오후 4:30:20
     1>2 노드의 "D:\Git_folder\ConsoleShootingGame\ConsoleShootingGame\슈팅게임1파일분활.vcxproj" 프로젝트(build 대상)입니다.
     1>InitializeBuildStatus:
         "Release\슈팅게임1파일분활.unsuccessfulbuild"에 연결(touching)하고 있습니다.
       ClCompile:
         C:\Program Files (x86)\Microsoft Visual Studio 10.0\VC\bin\CL.exe /c /Zi /nologo /W3 /WX- /O2 /Oi /Oy- /GL /D WIN32 /D NDEBUG /D _CONSOLE /D _UNICODE /D UNICODE /Gm- /EHsc /MD /GS /Gy /fp:precise /Zc:wchar_t /Zc:forScope /Fo"Release\\" /Fd"Release\vc100.pdb" /Gd /TP /analyze- /errorReport:prompt bullet.cpp console.cpp enemy.cpp Item.cpp main.cpp manager.cpp player.cpp ScreenOut.cpp sideWall.cpp Stage.cpp
         bullet.cpp
         console.cpp
         enemy.cpp
     1>enemy.cpp(42): warning C4996: 'strcpy': This function or variable may be unsafe. Consider using strcpy_s instead. To disable deprecation, use _CRT_SECURE_NO_WARNINGS. See online help for details.
                 C:\Program Files (x86)\Microsoft Visual Studio 10.0\VC\include\string.h(105) : 'strcpy' 선언을 참조하십시오.
     1>enemy.cpp(74): warning C4996: 'strcpy': This function or variable may be unsafe. Consider using strcpy_s instead. To disable deprecation, use _CRT_SECURE_NO_WARNINGS. See online help for details.
                 C:\Program Files (x86)\Microsoft Visual Studio 10.0\VC\include\string.h(105) : 'strcpy' 선언을 참조하십시오.
     1>enemy.cpp(101): warning C4996: 'strcpy': This function or variable may be unsafe. Consider using strcpy_s instead. To disable deprecation, use _CRT_SECURE_NO_WARNINGS. See online help for details.
                 C:\Program Files (x86)\Microsoft Visual Studio 10.0\VC\include\string.h(105) : 'strcpy' 선언을 참조하십시오.
     1>enemy.cpp(199): warning C4101: 'j' :참조되지 않은 지역 변수입니다.
         Item.cpp
         main.cpp
     1>main.cpp(67): warning C4996: 'sprintf': This function or variable may be unsafe. Consider using sprintf_s instead. To disable deprecation, use _CRT_SECURE_NO_WARNINGS. See online help for details.
                 C:\Program Files (x86)\Microsoft Visual Studio 10.0\VC\include\stdio.h(371) : 'sprintf' 선언을 참조하십시오.
         manager.cpp
         player.cpp
         ScreenOut.cpp
         sideWall.cpp
         Stage.cpp
     1>Stage.cpp(35): warning C4172: 지역 변수 또는 임시 변수의 주소를 반환하고 있습니다.
       Link:
         C:\Program Files (x86)\Microsoft Visual Studio 10.0\VC\bin\link.exe /ERRORREPORT:PROMPT /OUT:"D:\Git_folder\ConsoleShootingGame\ConsoleShootingGame\Release\슈팅게임1파일분활.exe" /INCREMENTAL:NO /NOLOGO kernel32.lib user32.lib gdi32.lib winspool.lib comdlg32.lib advapi32.lib shell32.lib ole32.lib oleaut32.lib uuid.lib odbc32.lib odbccp32.lib /MANIFEST /ManifestFile:"Release\슈팅게임1파일분활.exe.intermediate.manifest" /MANIFESTUAC:"level='asInvoker' uiAccess='false'" /DEBUG /PDB:"D:\Git_folder\ConsoleShootingGame\ConsoleShootingGame\Release\슈팅게임1파일분활.pdb" /SUBSYSTEM:CONSOLE /OPT:REF /OPT:ICF /LTCG /TLBID:1 /DYNAMICBASE /NXCOMPAT /IMPLIB:"D:\Git_folder\ConsoleShootingGame\ConsoleShootingGame\Release\슈팅게임1파일분활.lib" /MACHINE:X86 Release\bullet.obj
         Release\console.obj
         Release\enemy.obj
         Release\Item.obj
         Release\main.obj
         Release\manager.obj
         Release\player.obj
         Release\ScreenOut.obj
         Release\sideWall.obj
         Release\Stage.obj
         코드를 생성하고 있습니다.
         코드를 생성했습니다.
         슈팅게임1파일분활.vcxproj -> D:\Git_folder\ConsoleShootingGame\ConsoleShootingGame\Release\슈팅게임1파일분활.exe
       Manifest:
         C:\Program Files (x86)\Microsoft SDKs\Windows\v7.0A\bin\mt.exe /nologo /verbose /outputresource:"D:\Git_folder\ConsoleShootingGame\ConsoleShootingGame\Release\슈팅게임1파일분활.exe;#1" /manifest "Release\슈팅게임1파일분활.exe.intermediate.manifest"
       FinalizeBuildStatus:
         "Release\슈팅게임1파일분활.unsuccessfulbuild" 파일을 삭제하고 있습니다.
         "Release\슈팅게임1파일분활.lastbuildstate"에 연결(touching)하고 있습니다.
     1>"D:\Git_folder\ConsoleShootingGame\ConsoleShootingGame\슈팅게임1파일분활.vcxproj" 프로젝트를 빌드했습니다(build 대상).

빌드했습니다.

경과 시간: 00:00:03.52
